Usuari JoanG creat correctament:
Nom d'usuari: JoanG
Contrasenya: QimdNvVl4jnWzcNc
---------------------------
Usuari jdoe creat correctament:
Nom d'usuari: jdoe
Contrasenya: p4swXXEODy2m8Myl
---------------------------
Usuari jsmith creat correctament:
Nom d'usuari: jsmith
Contrasenya: oPCaK8gDzAo0ukj7
---------------------------
Usuari rjohnson creat correctament:
Nom d'usuari: rjohnson
Contrasenya: Y1nQMzrsEDGidSCy
---------------------------
Usuari mbrown creat correctament:
Nom d'usuari: mbrown
Contrasenya: 76zNXbUgSHTFFAUc
---------------------------
Usuari mdavis creat correctament:
Nom d'usuari: mdavis
Contrasenya: GEHJNYwwAWe/gFjF
---------------------------
Usuari wwilson creat correctament:
Nom d'usuari: wwilson
Contrasenya: +nSOWgPabDxPLfpT
---------------------------
Usuari lmartinez creat correctament:
Nom d'usuari: lmartinez
Contrasenya: lXReIiK172gFRBZ7
---------------------------
Usuari danderson creat correctament:
Nom d'usuari: danderson
Contrasenya: ClUlapGeyBzHLc9p
---------------------------
Usuari btaylor creat correctament:
Nom d'usuari: btaylor
Contrasenya: SjhmKwJ01hPHApvY
---------------------------
Usuari rthomas creat correctament:
Nom d'usuari: rthomas
Contrasenya: FgrKPP0T/IE1wLxZ
---------------------------
Usuari jmoore creat correctament:
Nom d'usuari: jmoore
Contrasenya: bNb/2xsDrNWzqMA+
---------------------------
Usuari pjackson creat correctament:
Nom d'usuari: pjackson
Contrasenya: qa/DCV6jd97s3bgH
---------------------------
Usuari twhite creat correctament:
Nom d'usuari: twhite
Contrasenya: p657GhUWlLugHFEK
---------------------------
Usuari sharris creat correctament:
Nom d'usuari: sharris
Contrasenya: qjHsI7oXJ0/m5Spl
---------------------------
Usuari cmartin creat correctament:
Nom d'usuari: cmartin
Contrasenya: wcxZxyVVGb44upv2
---------------------------
Usuari kthompson creat correctament:
Nom d'usuari: kthompson
Contrasenya: KOf6/nMrO1DhsE16
---------------------------
Usuari dgarcia creat correctament:
Nom d'usuari: dgarcia
Contrasenya: 7bfIKJ6MxNP5sKOF
---------------------------
Usuari mrobinson creat correctament:
Nom d'usuari: mrobinson
Contrasenya: Kc4L1RevcymZf0qI
---------------------------
